<?xml version="1.0" encoding="UTF-8"?>
<!-- Generated by org.testng.reporters.JUnitReportReporter -->
<testsuite hostname="Abhilash" failures="0" tests="1" name="testNg.testNgAnnoteteion" time="0.013" errors="0" timestamp="2025-02-09T19:54:17 IST" skipped="0">
  <testcase classname="testNg.testNgAnnoteteion" name="advSearch" time="0.013"/>
  <system-out/>
</testsuite> <!-- testNg.testNgAnnoteteion -->
