<?xml version="1.0" encoding="UTF-8"?>
<!-- Generated by org.testng.reporters.JUnitReportReporter -->
<testsuite hostname="Abhilash" failures="0" tests="3" name="testNg.testNgannotation" time="0.023" errors="0" timestamp="2025-02-09T19:50:30 IST" skipped="0">
  <testcase classname="testNg.testNgannotation" name="closed" time="0.017"/>
  <system-out/>
  <testcase classname="testNg.testNgannotation" name="login" time="0.003"/>
  <system-out/>
  <testcase classname="testNg.testNgannotation" name="openapp" time="0.003"/>
  <system-out/>
</testsuite> <!-- testNg.testNgannotation -->
