<?xml version="1.0" encoding="UTF-8"?>
<!-- Generated by org.testng.reporters.JUnitReportReporter -->
<testsuite hostname="Abhilash" failures="0" tests="2" name="testNg.depndendmethod" time="0.007" errors="0" timestamp="2025-02-09T19:54:17 IST" skipped="0">
  <testcase classname="testNg.depndendmethod" name="advsearch" time="0.003"/>
  <system-out/>
  <testcase classname="testNg.depndendmethod" name="logout" time="0.004"/>
  <system-out/>
</testsuite> <!-- testNg.depndendmethod -->
