<?xml version="1.0" encoding="UTF-8"?>
<!-- Generated by org.testng.reporters.JUnitReportReporter -->
<testsuite hostname="Abhilash" failures="0" tests="3" name="testNg.testngxml" time="0.004" errors="0" timestamp="2025-02-09T19:47:14 IST" skipped="0">
  <testcase classname="testNg.testngxml" name="closed2" time="0.003"/>
  <system-out/>
  <testcase classname="testNg.testngxml" name="login2" time="0.001"/>
  <system-out/>
  <testcase classname="testNg.testngxml" name="openapp2" time="0.000"/>
  <system-out/>
</testsuite> <!-- testNg.testngxml -->
