<?xml version="1.0" encoding="UTF-8"?>
<!-- Generated by org.testng.reporters.JUnitReportReporter -->
<testsuite hostname="Abhilash" failures="0" tests="1" name="testNg.asseration" time="0.002" errors="0" timestamp="2025-02-09T19:47:14 IST" skipped="0">
  <testcase classname="testNg.asseration" name="validtitle" time="0.002"/>
  <system-out/>
</testsuite> <!-- testNg.asseration -->
