<?xml version="1.0" encoding="UTF-8"?>
<!-- Generated by org.testng.reporters.JUnitReportReporter -->
<testsuite hostname="Abhilash" failures="0" tests="3" name="testCases.Tc01_accountRegrestratintest" time="1.540" errors="0" timestamp="2025-03-02T10:57:34 IST" skipped="0">
  <testcase classname="testCases.Tc01_accountRegrestratintest" name="verify_accountRegrestration" time="0.603"/>
  <testcase classname="testCases.Tc01_accountRegrestratintest" name="verify_accountRegrestration" time="0.502"/>
  <testcase classname="testCases.Tc01_accountRegrestratintest" name="verify_accountRegrestration" time="0.435"/>
</testsuite> <!-- testCases.Tc01_accountRegrestratintest -->
